2026-07-10 16:22:22,123 - MainThread - sqlmesh.core.plan.evaluator - INFO - Evaluating plan stage PhysicalLayerSchemaCreationStage (evaluator.py:123)
2026-07-10 16:22:22,125 - ThreadPoolExecutor-1_0 - sqlmesh.core.snapshot.evaluator - INFO - Creating schema 'neondb.sqlmesh__silver' (evaluator.py:1468)
2026-07-10 16:22:22,539 - ThreadPoolExecutor-1_0 - sqlmesh.core.engine_adapter.base - INFO - Executing SQL: /* SQLMESH_PLAN: f909ff7ab1b944a3a2030f36bfc681d4 */ CREATE SCHEMA IF NOT EXISTS "sqlmesh__silver" (base.py:2629)
2026-07-10 16:22:22,726 - MainThread - sqlmesh.core.plan.evaluator - INFO - Evaluating plan stage PhysicalLayerUpdateStage (evaluator.py:123)
2026-07-10 16:22:22,728 - ThreadPoolExecutor-2_0 - sqlmesh.core.snapshot.evaluator - INFO - Listing data objects in schema neondb.sqlmesh__silver (evaluator.py:1635)
2026-07-10 16:22:23,108 - ThreadPoolExecutor-2_0 - sqlmesh.core.engine_adapter.base - INFO - Executing SQL: /* SQLMESH_PLAN: f909ff7ab1b944a3a2030f36bfc681d4 */ SELECT current_catalog (base.py:2629)
2026-07-10 16:22:23,528 - MainThread - sqlmesh.core.plan.evaluator - INFO - Evaluating plan stage BackfillStage (evaluator.py:123)
2026-07-10 16:22:23,528 - MainThread - sqlmesh.core.plan.evaluator - INFO - Evaluating plan stage EnvironmentRecordUpdateStage (evaluator.py:123)
2026-07-10 16:22:23,650 - MainThread - sqlmesh.core.state_sync.db.facade - INFO - Promoting environment 'prod' (facade.py:167)
2026-07-10 16:22:24,022 - MainThread - sqlmesh.core.plan.evaluator - INFO - Evaluating plan stage UnpauseStage (evaluator.py:123)
2026-07-10 16:22:24,385 - MainThread - sqlmesh.core.plan.evaluator - INFO - Evaluating plan stage VirtualLayerUpdateStage (evaluator.py:123)
2026-07-10 16:22:24,391 - ThreadPoolExecutor-3_0 - sqlmesh.core.snapshot.evaluator - INFO - Creating schema 'neondb.silver' (evaluator.py:1468)
2026-07-10 16:22:24,775 - ThreadPoolExecutor-3_0 - sqlmesh.core.engine_adapter.base - INFO - Executing SQL: /* SQLMESH_PLAN: f909ff7ab1b944a3a2030f36bfc681d4 */ CREATE SCHEMA IF NOT EXISTS "silver" (base.py:2629)
2026-07-10 16:22:24,956 - ThreadPoolExecutor-4_0 - sqlmesh.core.snapshot.evaluator - INFO - Listing data objects in schema neondb.silver (evaluator.py:1635)
2026-07-10 16:22:25,333 - ThreadPoolExecutor-4_0 - sqlmesh.core.engine_adapter.base - INFO - Executing SQL: /* SQLMESH_PLAN: f909ff7ab1b944a3a2030f36bfc681d4 */ SELECT current_catalog (base.py:2629)
2026-07-10 16:22:26,079 - ThreadPoolExecutor-5_0 - sqlmesh.core.snapshot.evaluator - INFO - Updating view 'neondb.silver.dim_customer' to point at table 'neondb.sqlmesh__silver.silver__dim_customer__4126441719' (evaluator.py:2007)
2026-07-10 16:22:26,080 - ThreadPoolExecutor-5_0 - sqlmesh.core.engine_adapter.base - INFO - Executing SQL: /* SQLMESH_PLAN: f909ff7ab1b944a3a2030f36bfc681d4 */ DROP VIEW IF EXISTS "silver"."dim_customer" CASCADE (base.py:2629)
2026-07-10 16:22:26,470 - ThreadPoolExecutor-5_1 - sqlmesh.core.snapshot.evaluator - INFO - Updating view 'neondb.silver.dim_paayment_term' to point at table 'neondb.sqlmesh__silver.silver__dim_paayment_term__1488211824' (evaluator.py:2007)
2026-07-10 16:22:26,471 - ThreadPoolExecutor-5_1 - sqlmesh.core.engine_adapter.base - INFO - Executing SQL: /* SQLMESH_PLAN: f909ff7ab1b944a3a2030f36bfc681d4 */ DROP VIEW IF EXISTS "silver"."dim_paayment_term" CASCADE (base.py:2629)
2026-07-10 16:22:26,851 - ThreadPoolExecutor-5_2 - sqlmesh.core.snapshot.evaluator - INFO - Updating view 'neondb.silver.fact_sale_order_line' to point at table 'neondb.sqlmesh__silver.silver__fact_sale_order_line__820156521' (evaluator.py:2007)
2026-07-10 16:22:26,852 - ThreadPoolExecutor-5_2 - sqlmesh.core.engine_adapter.base - INFO - Executing SQL: /* SQLMESH_PLAN: f909ff7ab1b944a3a2030f36bfc681d4 */ DROP VIEW IF EXISTS "silver"."fact_sale_order_line" CASCADE (base.py:2629)
2026-07-10 16:22:27,250 - ThreadPoolExecutor-5_3 - sqlmesh.core.snapshot.evaluator - INFO - Updating view 'neondb.silver.dim_product' to point at table 'neondb.sqlmesh__silver.silver__dim_product__2895168048' (evaluator.py:2007)
2026-07-10 16:22:27,251 - ThreadPoolExecutor-5_3 - sqlmesh.core.engine_adapter.base - INFO - Executing SQL: /* SQLMESH_PLAN: f909ff7ab1b944a3a2030f36bfc681d4 */ DROP VIEW IF EXISTS "silver"."dim_product" CASCADE (base.py:2629)
2026-07-10 16:22:27,372 - ThreadPoolExecutor-5_0 - sqlmesh.core.engine_adapter.base - INFO - Executing SQL: /* SQLMESH_PLAN: f909ff7ab1b944a3a2030f36bfc681d4 */ CREATE VIEW "silver"."dim_customer" AS SELECT * FROM "neondb"."sqlmesh__silver"."silver__dim_customer__4126441719" (base.py:2629)
2026-07-10 16:22:27,378 - ThreadPoolExecutor-5_3 - sqlmesh.core.engine_adapter.base - INFO - Executing SQL: /* SQLMESH_PLAN: f909ff7ab1b944a3a2030f36bfc681d4 */ CREATE VIEW "silver"."dim_product" AS SELECT * FROM "neondb"."sqlmesh__silver"."silver__dim_product__2895168048" (base.py:2629)
2026-07-10 16:22:27,379 - ThreadPoolExecutor-5_2 - sqlmesh.core.engine_adapter.base - INFO - Executing SQL: /* SQLMESH_PLAN: f909ff7ab1b944a3a2030f36bfc681d4 */ CREATE VIEW "silver"."fact_sale_order_line" AS SELECT * FROM "neondb"."sqlmesh__silver"."silver__fact_sale_order_line__820156521" (base.py:2629)
2026-07-10 16:22:27,383 - ThreadPoolExecutor-5_1 - sqlmesh.core.engine_adapter.base - INFO - Executing SQL: /* SQLMESH_PLAN: f909ff7ab1b944a3a2030f36bfc681d4 */ CREATE VIEW "silver"."dim_paayment_term" AS SELECT * FROM "neondb"."sqlmesh__silver"."silver__dim_paayment_term__1488211824" (base.py:2629)
2026-07-10 16:22:27,456 - ThreadPoolExecutor-5_2 - sqlmesh.core.engine_adapter.base - INFO - Executing SQL: /* SQLMESH_PLAN: f909ff7ab1b944a3a2030f36bfc681d4 */ COMMENT ON VIEW "silver"."fact_sale_order_line" IS 'This is the model of the fact table `sale_order_line` which every registry represent a sale of
a particular product  e.g. 5 apples' (base.py:2629)
2026-07-10 16:22:27,523 - ThreadPoolExecutor-5_2 - sqlmesh.core.engine_adapter.base - INFO - Executing SQL: /* SQLMESH_PLAN: f909ff7ab1b944a3a2030f36bfc681d4 */ COMMENT ON COLUMN "silver"."fact_sale_order_line"."create_date" IS ', to_char(sol.create_date,''YYMMDD'') AS date_id,' (base.py:2629)
2026-07-10 16:22:27,650 - MainThread - sqlmesh.core.plan.evaluator - INFO - Evaluating plan stage FinalizeEnvironmentStage (evaluator.py:123)
2026-07-10 16:22:27,772 - MainThread - sqlmesh.core.state_sync.db.environment - INFO - Finalizing environment 'prod' (environment.py:141)
2026-07-10 16:22:27,957 - MainThread - root - INFO - Shutting down the event dispatcher (dispatcher.py:159)
