2026-07-09 11:56:50,064 - MainThread - sqlmesh.core.state_sync.db.migrator - INFO - Applying migration <module 'sqlmesh.migrations.v0000_baseline' from '/home/arroio/Dev/WRK/clarovent/DE/.devenv/state/venv/lib/python3.13/site-packages/sqlmesh/migrations/v0000_baseline.py'> (migrator.py:185)
2026-07-09 11:56:50,651 - MainThread - sqlmesh.core.state_sync.db.migrator - INFO - Applying migration <module 'sqlmesh.migrations.v0061_mysql_fix_blob_text_type' from '/home/arroio/Dev/WRK/clarovent/DE/.devenv/state/venv/lib/python3.13/site-packages/sqlmesh/migrations/v0061_mysql_fix_blob_text_type.py'> (migrator.py:185)
2026-07-09 11:56:50,651 - MainThread - sqlmesh.core.state_sync.db.migrator - INFO - Applying migration <module 'sqlmesh.migrations.v0062_add_model_gateway' from '/home/arroio/Dev/WRK/clarovent/DE/.devenv/state/venv/lib/python3.13/site-packages/sqlmesh/migrations/v0062_add_model_gateway.py'> (migrator.py:185)
2026-07-09 11:56:50,651 - MainThread - sqlmesh.core.state_sync.db.migrator - INFO - Applying migration <module 'sqlmesh.migrations.v0063_change_signals' from '/home/arroio/Dev/WRK/clarovent/DE/.devenv/state/venv/lib/python3.13/site-packages/sqlmesh/migrations/v0063_change_signals.py'> (migrator.py:185)
2026-07-09 11:56:50,651 - MainThread - sqlmesh.core.state_sync.db.migrator - INFO - Applying migration <module 'sqlmesh.migrations.v0064_join_when_matched_strings' from '/home/arroio/Dev/WRK/clarovent/DE/.devenv/state/venv/lib/python3.13/site-packages/sqlmesh/migrations/v0064_join_when_matched_strings.py'> (migrator.py:185)
2026-07-09 11:56:50,651 - MainThread - sqlmesh.core.state_sync.db.migrator - INFO - Applying migration <module 'sqlmesh.migrations.v0065_add_model_optimize' from '/home/arroio/Dev/WRK/clarovent/DE/.devenv/state/venv/lib/python3.13/site-packages/sqlmesh/migrations/v0065_add_model_optimize.py'> (migrator.py:185)
2026-07-09 11:56:50,651 - MainThread - sqlmesh.core.state_sync.db.migrator - INFO - Applying migration <module 'sqlmesh.migrations.v0066_add_auto_restatements' from '/home/arroio/Dev/WRK/clarovent/DE/.devenv/state/venv/lib/python3.13/site-packages/sqlmesh/migrations/v0066_add_auto_restatements.py'> (migrator.py:185)
2026-07-09 11:56:50,785 - MainThread - sqlmesh.core.state_sync.db.migrator - INFO - Applying migration <module 'sqlmesh.migrations.v0067_add_tsql_date_full_precision' from '/home/arroio/Dev/WRK/clarovent/DE/.devenv/state/venv/lib/python3.13/site-packages/sqlmesh/migrations/v0067_add_tsql_date_full_precision.py'> (migrator.py:185)
2026-07-09 11:56:50,786 - MainThread - sqlmesh.core.state_sync.db.migrator - INFO - Applying migration <module 'sqlmesh.migrations.v0068_include_unrendered_query_in_metadata_hash' from '/home/arroio/Dev/WRK/clarovent/DE/.devenv/state/venv/lib/python3.13/site-packages/sqlmesh/migrations/v0068_include_unrendered_query_in_metadata_hash.py'> (migrator.py:185)
2026-07-09 11:56:50,786 - MainThread - sqlmesh.core.state_sync.db.migrator - INFO - Applying migration <module 'sqlmesh.migrations.v0069_update_dev_table_suffix' from '/home/arroio/Dev/WRK/clarovent/DE/.devenv/state/venv/lib/python3.13/site-packages/sqlmesh/migrations/v0069_update_dev_table_suffix.py'> (migrator.py:185)
2026-07-09 11:56:50,786 - MainThread - sqlmesh.core.state_sync.db.migrator - INFO - Applying migration <module 'sqlmesh.migrations.v0070_include_grains_in_metadata_hash' from '/home/arroio/Dev/WRK/clarovent/DE/.devenv/state/venv/lib/python3.13/site-packages/sqlmesh/migrations/v0070_include_grains_in_metadata_hash.py'> (migrator.py:185)
2026-07-09 11:56:50,786 - MainThread - sqlmesh.core.state_sync.db.migrator - INFO - Applying migration <module 'sqlmesh.migrations.v0071_add_dev_version_to_intervals' from '/home/arroio/Dev/WRK/clarovent/DE/.devenv/state/venv/lib/python3.13/site-packages/sqlmesh/migrations/v0071_add_dev_version_to_intervals.py'> (migrator.py:185)
2026-07-09 11:56:50,852 - MainThread - sqlmesh.core.state_sync.db.migrator - INFO - Applying migration <module 'sqlmesh.migrations.v0072_add_environment_statements' from '/home/arroio/Dev/WRK/clarovent/DE/.devenv/state/venv/lib/python3.13/site-packages/sqlmesh/migrations/v0072_add_environment_statements.py'> (migrator.py:185)
2026-07-09 11:56:50,920 - MainThread - sqlmesh.core.state_sync.db.migrator - INFO - Applying migration <module 'sqlmesh.migrations.v0073_remove_symbolic_disable_restatement' from '/home/arroio/Dev/WRK/clarovent/DE/.devenv/state/venv/lib/python3.13/site-packages/sqlmesh/migrations/v0073_remove_symbolic_disable_restatement.py'> (migrator.py:185)
2026-07-09 11:56:50,920 - MainThread - sqlmesh.core.state_sync.db.migrator - INFO - Applying migration <module 'sqlmesh.migrations.v0074_add_partition_by_time_column_property' from '/home/arroio/Dev/WRK/clarovent/DE/.devenv/state/venv/lib/python3.13/site-packages/sqlmesh/migrations/v0074_add_partition_by_time_column_property.py'> (migrator.py:185)
2026-07-09 11:56:50,921 - MainThread - sqlmesh.core.state_sync.db.migrator - INFO - Applying migration <module 'sqlmesh.migrations.v0075_remove_validate_query' from '/home/arroio/Dev/WRK/clarovent/DE/.devenv/state/venv/lib/python3.13/site-packages/sqlmesh/migrations/v0075_remove_validate_query.py'> (migrator.py:185)
2026-07-09 11:56:50,921 - MainThread - sqlmesh.core.state_sync.db.migrator - INFO - Applying migration <module 'sqlmesh.migrations.v0076_add_cron_tz' from '/home/arroio/Dev/WRK/clarovent/DE/.devenv/state/venv/lib/python3.13/site-packages/sqlmesh/migrations/v0076_add_cron_tz.py'> (migrator.py:185)
2026-07-09 11:56:50,921 - MainThread - sqlmesh.core.state_sync.db.migrator - INFO - Applying migration <module 'sqlmesh.migrations.v0077_fix_column_type_hash_calculation' from '/home/arroio/Dev/WRK/clarovent/DE/.devenv/state/venv/lib/python3.13/site-packages/sqlmesh/migrations/v0077_fix_column_type_hash_calculation.py'> (migrator.py:185)
2026-07-09 11:56:50,921 - MainThread - sqlmesh.core.state_sync.db.migrator - INFO - Applying migration <module 'sqlmesh.migrations.v0078_warn_if_non_migratable_python_env' from '/home/arroio/Dev/WRK/clarovent/DE/.devenv/state/venv/lib/python3.13/site-packages/sqlmesh/migrations/v0078_warn_if_non_migratable_python_env.py'> (migrator.py:185)
2026-07-09 11:56:50,921 - MainThread - sqlmesh.core.state_sync.db.migrator - INFO - Applying migration <module 'sqlmesh.migrations.v0079_add_gateway_managed_property' from '/home/arroio/Dev/WRK/clarovent/DE/.devenv/state/venv/lib/python3.13/site-packages/sqlmesh/migrations/v0079_add_gateway_managed_property.py'> (migrator.py:185)
2026-07-09 11:56:50,984 - MainThread - sqlmesh.core.state_sync.db.migrator - INFO - Applying migration <module 'sqlmesh.migrations.v0080_add_batch_size_to_scd_type_2_models' from '/home/arroio/Dev/WRK/clarovent/DE/.devenv/state/venv/lib/python3.13/site-packages/sqlmesh/migrations/v0080_add_batch_size_to_scd_type_2_models.py'> (migrator.py:185)
2026-07-09 11:56:50,985 - MainThread - sqlmesh.core.state_sync.db.migrator - INFO - Applying migration <module 'sqlmesh.migrations.v0081_update_partitioned_by' from '/home/arroio/Dev/WRK/clarovent/DE/.devenv/state/venv/lib/python3.13/site-packages/sqlmesh/migrations/v0081_update_partitioned_by.py'> (migrator.py:185)
2026-07-09 11:56:50,985 - MainThread - sqlmesh.core.state_sync.db.migrator - INFO - Applying migration <module 'sqlmesh.migrations.v0082_warn_if_incorrectly_duplicated_statements' from '/home/arroio/Dev/WRK/clarovent/DE/.devenv/state/venv/lib/python3.13/site-packages/sqlmesh/migrations/v0082_warn_if_incorrectly_duplicated_statements.py'> (migrator.py:185)
2026-07-09 11:56:50,985 - MainThread - sqlmesh.core.state_sync.db.migrator - INFO - Applying migration <module 'sqlmesh.migrations.v0083_use_sql_for_scd_time_data_type_data_hash' from '/home/arroio/Dev/WRK/clarovent/DE/.devenv/state/venv/lib/python3.13/site-packages/sqlmesh/migrations/v0083_use_sql_for_scd_time_data_type_data_hash.py'> (migrator.py:185)
2026-07-09 11:56:50,985 - MainThread - sqlmesh.core.state_sync.db.migrator - INFO - Applying migration <module 'sqlmesh.migrations.v0084_normalize_quote_when_matched_and_merge_filter' from '/home/arroio/Dev/WRK/clarovent/DE/.devenv/state/venv/lib/python3.13/site-packages/sqlmesh/migrations/v0084_normalize_quote_when_matched_and_merge_filter.py'> (migrator.py:185)
2026-07-09 11:56:50,985 - MainThread - sqlmesh.core.state_sync.db.migrator - INFO - Applying migration <module 'sqlmesh.migrations.v0085_deterministic_repr' from '/home/arroio/Dev/WRK/clarovent/DE/.devenv/state/venv/lib/python3.13/site-packages/sqlmesh/migrations/v0085_deterministic_repr.py'> (migrator.py:185)
2026-07-09 11:56:50,985 - MainThread - sqlmesh.core.state_sync.db.migrator - INFO - Applying migration <module 'sqlmesh.migrations.v0086_check_deterministic_bug' from '/home/arroio/Dev/WRK/clarovent/DE/.devenv/state/venv/lib/python3.13/site-packages/sqlmesh/migrations/v0086_check_deterministic_bug.py'> (migrator.py:185)
2026-07-09 11:56:50,985 - MainThread - sqlmesh.core.state_sync.db.migrator - INFO - Applying migration <module 'sqlmesh.migrations.v0087_normalize_blueprint_variables' from '/home/arroio/Dev/WRK/clarovent/DE/.devenv/state/venv/lib/python3.13/site-packages/sqlmesh/migrations/v0087_normalize_blueprint_variables.py'> (migrator.py:185)
2026-07-09 11:56:50,985 - MainThread - sqlmesh.core.state_sync.db.migrator - INFO - Applying migration <module 'sqlmesh.migrations.v0088_warn_about_variable_python_env_diffs' from '/home/arroio/Dev/WRK/clarovent/DE/.devenv/state/venv/lib/python3.13/site-packages/sqlmesh/migrations/v0088_warn_about_variable_python_env_diffs.py'> (migrator.py:185)
2026-07-09 11:56:50,985 - MainThread - sqlmesh.core.state_sync.db.migrator - INFO - Applying migration <module 'sqlmesh.migrations.v0089_add_virtual_environment_mode' from '/home/arroio/Dev/WRK/clarovent/DE/.devenv/state/venv/lib/python3.13/site-packages/sqlmesh/migrations/v0089_add_virtual_environment_mode.py'> (migrator.py:185)
2026-07-09 11:56:50,985 - MainThread - sqlmesh.core.state_sync.db.migrator - INFO - Applying migration <module 'sqlmesh.migrations.v0090_add_forward_only_column' from '/home/arroio/Dev/WRK/clarovent/DE/.devenv/state/venv/lib/python3.13/site-packages/sqlmesh/migrations/v0090_add_forward_only_column.py'> (migrator.py:185)
2026-07-09 11:56:51,051 - MainThread - sqlmesh.core.state_sync.db.migrator - INFO - Applying migration <module 'sqlmesh.migrations.v0091_on_additive_change' from '/home/arroio/Dev/WRK/clarovent/DE/.devenv/state/venv/lib/python3.13/site-packages/sqlmesh/migrations/v0091_on_additive_change.py'> (migrator.py:185)
2026-07-09 11:56:51,051 - MainThread - sqlmesh.core.state_sync.db.migrator - INFO - Applying migration <module 'sqlmesh.migrations.v0092_warn_about_dbt_data_type_diff' from '/home/arroio/Dev/WRK/clarovent/DE/.devenv/state/venv/lib/python3.13/site-packages/sqlmesh/migrations/v0092_warn_about_dbt_data_type_diff.py'> (migrator.py:185)
2026-07-09 11:56:51,051 - MainThread - sqlmesh.core.state_sync.db.migrator - INFO - Applying migration <module 'sqlmesh.migrations.v0093_use_raw_sql_in_fingerprint' from '/home/arroio/Dev/WRK/clarovent/DE/.devenv/state/venv/lib/python3.13/site-packages/sqlmesh/migrations/v0093_use_raw_sql_in_fingerprint.py'> (migrator.py:185)
2026-07-09 11:56:51,051 - MainThread - sqlmesh.core.state_sync.db.migrator - INFO - Applying migration <module 'sqlmesh.migrations.v0094_add_dev_version_and_fingerprint_columns' from '/home/arroio/Dev/WRK/clarovent/DE/.devenv/state/venv/lib/python3.13/site-packages/sqlmesh/migrations/v0094_add_dev_version_and_fingerprint_columns.py'> (migrator.py:185)
2026-07-09 11:56:51,177 - MainThread - sqlmesh.core.state_sync.db.migrator - INFO - Applying migration <module 'sqlmesh.migrations.v0095_warn_about_dbt_raw_sql_diff' from '/home/arroio/Dev/WRK/clarovent/DE/.devenv/state/venv/lib/python3.13/site-packages/sqlmesh/migrations/v0095_warn_about_dbt_raw_sql_diff.py'> (migrator.py:185)
2026-07-09 11:56:51,177 - MainThread - sqlmesh.core.state_sync.db.migrator - INFO - Applying migration <module 'sqlmesh.migrations.v0096_remove_plan_dags_table' from '/home/arroio/Dev/WRK/clarovent/DE/.devenv/state/venv/lib/python3.13/site-packages/sqlmesh/migrations/v0096_remove_plan_dags_table.py'> (migrator.py:185)
2026-07-09 11:56:51,242 - MainThread - sqlmesh.core.state_sync.db.migrator - INFO - Applying migration <module 'sqlmesh.migrations.v0097_add_dbt_name_in_node' from '/home/arroio/Dev/WRK/clarovent/DE/.devenv/state/venv/lib/python3.13/site-packages/sqlmesh/migrations/v0097_add_dbt_name_in_node.py'> (migrator.py:185)
2026-07-09 11:56:51,242 - MainThread - sqlmesh.core.state_sync.db.migrator - INFO - Applying migration <module 'sqlmesh.migrations.v0098_add_dbt_node_info_in_node' from '/home/arroio/Dev/WRK/clarovent/DE/.devenv/state/venv/lib/python3.13/site-packages/sqlmesh/migrations/v0098_add_dbt_node_info_in_node.py'> (migrator.py:185)
2026-07-09 11:56:51,242 - MainThread - sqlmesh.core.state_sync.db.migrator - INFO - Applying migration <module 'sqlmesh.migrations.v0099_add_last_altered_to_intervals' from '/home/arroio/Dev/WRK/clarovent/DE/.devenv/state/venv/lib/python3.13/site-packages/sqlmesh/migrations/v0099_add_last_altered_to_intervals.py'> (migrator.py:185)
2026-07-09 11:56:51,304 - MainThread - sqlmesh.core.state_sync.db.migrator - INFO - Applying migration <module 'sqlmesh.migrations.v0100_add_grants_and_grants_target_layer' from '/home/arroio/Dev/WRK/clarovent/DE/.devenv/state/venv/lib/python3.13/site-packages/sqlmesh/migrations/v0100_add_grants_and_grants_target_layer.py'> (migrator.py:185)
2026-07-09 11:56:51,305 - MainThread - sqlmesh.core.state_sync.db.migrator - INFO - Applying migration <module 'sqlmesh.migrations.v0101_include_custom_audit_args_in_fingerprint' from '/home/arroio/Dev/WRK/clarovent/DE/.devenv/state/venv/lib/python3.13/site-packages/sqlmesh/migrations/v0101_include_custom_audit_args_in_fingerprint.py'> (migrator.py:185)
2026-07-09 11:56:51,371 - MainThread - sqlmesh.core.state_sync.db.migrator - INFO - Fetching environments (migrator.py:207)
2026-07-09 11:56:51,435 - MainThread - sqlmesh.core.state_sync.db.migrator - INFO - Migrating snapshot rows... (migrator.py:224)
2026-07-09 11:56:51,503 - MainThread - sqlmesh.core.state_sync.db.migrator - INFO - No changes to snapshots detected (migrator.py:217)
2026-07-09 11:57:02,191 - MainThread - sqlmesh.core.plan.evaluator - INFO - Evaluating plan stage CreateSnapshotRecordsStage (evaluator.py:123)
2026-07-09 11:57:02,578 - MainThread - sqlmesh.core.plan.evaluator - INFO - Evaluating plan stage PhysicalLayerSchemaCreationStage (evaluator.py:123)
2026-07-09 11:57:02,581 - ThreadPoolExecutor-1_0 - sqlmesh.core.snapshot.evaluator - INFO - Creating schema 'neondb.sqlmesh__silver' (evaluator.py:1468)
2026-07-09 11:57:03,071 - ThreadPoolExecutor-1_0 - sqlmesh.core.engine_adapter.base - INFO - Executing SQL: /* SQLMESH_PLAN: 982a541d54884833a8e93ed1426b712c */ CREATE SCHEMA IF NOT EXISTS "sqlmesh__silver" (base.py:2629)
2026-07-09 11:57:03,273 - MainThread - sqlmesh.core.plan.evaluator - INFO - Evaluating plan stage BackfillStage (evaluator.py:123)
2026-07-09 11:57:03,281 - ThreadPoolExecutor-2_0 - sqlmesh.core.snapshot.evaluator - INFO - Listing data objects in schema neondb.sqlmesh__silver (evaluator.py:1635)
2026-07-09 11:57:03,688 - ThreadPoolExecutor-2_0 - sqlmesh.core.engine_adapter.base - INFO - Executing SQL: /* SQLMESH_PLAN: 982a541d54884833a8e93ed1426b712c */ SELECT current_catalog (base.py:2629)
2026-07-09 11:57:04,264 - ThreadPoolExecutor-3_0 - sqlmesh.core.snapshot.evaluator - INFO - Evaluating snapshot SnapshotId<"neondb"."silver"."dim_customer": 2726786747> (evaluator.py:730)
2026-07-09 11:57:04,267 - ThreadPoolExecutor-3_1 - sqlmesh.core.snapshot.evaluator - INFO - Evaluating snapshot SnapshotId<"neondb"."silver"."dim_paayment_term": 3927595028> (evaluator.py:730)
2026-07-09 11:57:04,268 - ThreadPoolExecutor-3_2 - sqlmesh.core.snapshot.evaluator - INFO - Evaluating snapshot SnapshotId<"neondb"."silver"."dim_product": 3028797872> (evaluator.py:730)
2026-07-09 11:57:04,270 - ThreadPoolExecutor-3_3 - sqlmesh.core.snapshot.evaluator - INFO - Evaluating snapshot SnapshotId<"neondb"."silver"."fact_sale_order_line": 3024126539> (evaluator.py:730)
2026-07-09 11:57:05,991 - ThreadPoolExecutor-3_2 - sqlmesh.core.snapshot.evaluator - INFO - Creating table 'neondb.sqlmesh__silver.silver__dim_product__2647566269' (evaluator.py:2095)
2026-07-09 11:57:05,993 - ThreadPoolExecutor-3_2 - sqlmesh.core.engine_adapter.base - INFO - Executing SQL: /* SQLMESH_PLAN: 982a541d54884833a8e93ed1426b712c */ CREATE TABLE IF NOT EXISTS "sqlmesh__silver"."silver__dim_product__2647566269" ("pt_id" INT, "name" TEXT, "list_price" DOUBLE PRECISION, "pp_id" INT, "create_date" INT, "new_name" TEXT, "thickness" DOUBLE PRECISION, "length" DOUBLE PRECISION, "width" DOUBLE PRECISION, "is_edged" BOOLEAN, "is_sandblasted" BOOLEAN, "is_drilled" BOOLEAN, "is_bezeled" BOOLEAN) (base.py:2629)
2026-07-09 11:57:05,993 - ThreadPoolExecutor-3_1 - sqlmesh.core.snapshot.evaluator - INFO - Inserting data for snapshot SnapshotId<"neondb"."silver"."dim_paayment_term": 3927595028> (evaluator.py:971)
2026-07-09 11:57:06,002 - ThreadPoolExecutor-3_0 - sqlmesh.core.snapshot.evaluator - INFO - Inserting data for snapshot SnapshotId<"neondb"."silver"."dim_customer": 2726786747> (evaluator.py:971)
2026-07-09 11:57:06,003 - ThreadPoolExecutor-3_1 - sqlmesh.core.snapshot.evaluator - INFO - Inserting batch (2026-06-18 00:00:00, 2026-07-05 00:00:00) into neondb.sqlmesh__silver.silver__dim_paayment_term__1488211824' (evaluator.py:1003)
2026-07-09 11:57:06,003 - ThreadPoolExecutor-3_3 - sqlmesh.core.snapshot.evaluator - INFO - Inserting data for snapshot SnapshotId<"neondb"."silver"."fact_sale_order_line": 3024126539> (evaluator.py:971)
2026-07-09 11:57:06,006 - ThreadPoolExecutor-3_0 - sqlmesh.core.snapshot.evaluator - INFO - Inserting batch (2026-06-18 00:00:00, 2026-07-05 00:00:00) into neondb.sqlmesh__silver.silver__dim_customer__4126441719' (evaluator.py:1003)
2026-07-09 11:57:06,008 - ThreadPoolExecutor-3_1 - sqlmesh.core.engine_adapter.base - INFO - Executing SQL: /* SQLMESH_PLAN: 982a541d54884833a8e93ed1426b712c */ SELECT "attname" AS "column_name", "pg_catalog".format_type("atttypid", "atttypmod") AS "data_type" FROM "pg_catalog"."pg_attribute" JOIN "pg_catalog"."pg_class" ON "pg_class"."oid" = "attrelid" JOIN "pg_catalog"."pg_namespace" ON "pg_namespace"."oid" = "relnamespace" WHERE ("attnum" > 0 AND NOT "attisdropped" AND "relname" = 'silver__dim_paayment_term__1488211824') AND "nspname" = 'sqlmesh__silver' (base.py:2629)
2026-07-09 11:57:06,015 - ThreadPoolExecutor-3_3 - sqlmesh.core.snapshot.evaluator - INFO - Inserting batch (2026-01-01 00:00:00, 2026-07-05 00:00:00) into neondb.sqlmesh__silver.silver__fact_sale_order_line__820156521' (evaluator.py:1003)
2026-07-09 11:57:06,017 - ThreadPoolExecutor-3_0 - sqlmesh.core.engine_adapter.base - INFO - Executing SQL: /* SQLMESH_PLAN: 982a541d54884833a8e93ed1426b712c */ SELECT "attname" AS "column_name", "pg_catalog".format_type("atttypid", "atttypmod") AS "data_type" FROM "pg_catalog"."pg_attribute" JOIN "pg_catalog"."pg_class" ON "pg_class"."oid" = "attrelid" JOIN "pg_catalog"."pg_namespace" ON "pg_namespace"."oid" = "relnamespace" WHERE ("attnum" > 0 AND NOT "attisdropped" AND "relname" = 'silver__dim_customer__4126441719') AND "nspname" = 'sqlmesh__silver' (base.py:2629)
2026-07-09 11:57:06,019 - ThreadPoolExecutor-3_3 - sqlmesh.core.engine_adapter.base - INFO - Executing SQL: /* SQLMESH_PLAN: 982a541d54884833a8e93ed1426b712c */ SELECT "attname" AS "column_name", "pg_catalog".format_type("atttypid", "atttypmod") AS "data_type" FROM "pg_catalog"."pg_attribute" JOIN "pg_catalog"."pg_class" ON "pg_class"."oid" = "attrelid" JOIN "pg_catalog"."pg_namespace" ON "pg_namespace"."oid" = "relnamespace" WHERE ("attnum" > 0 AND NOT "attisdropped" AND "relname" = 'silver__fact_sale_order_line__820156521') AND "nspname" = 'sqlmesh__silver' (base.py:2629)
2026-07-09 11:57:06,121 - ThreadPoolExecutor-3_2 - sqlmesh.core.snapshot.evaluator - INFO - Inserting data for snapshot SnapshotId<"neondb"."silver"."dim_product": 3028797872> (evaluator.py:971)
2026-07-09 11:57:06,153 - ThreadPoolExecutor-3_1 - sqlmesh.core.engine_adapter.base - INFO - Executing SQL: /* SQLMESH_PLAN: 982a541d54884833a8e93ed1426b712c */ CREATE TABLE IF NOT EXISTS "sqlmesh__silver"."silver__dim_paayment_term__1488211824" AS SELECT "id" AS "id", "name" ->> 'en_US' AS "name", "note" ->> 'en_US' AS "note" FROM "neondb"."bronze"."raw__account_payment_term" AS "raw__account_payment_term" (base.py:2629)
2026-07-09 11:57:06,154 - ThreadPoolExecutor-3_0 - sqlmesh.core.engine_adapter.base - INFO - Executing SQL: /* SQLMESH_PLAN: 982a541d54884833a8e93ed1426b712c */ CREATE TABLE IF NOT EXISTS "sqlmesh__silver"."silver__dim_customer__4126441719" AS SELECT "id" AS "id", "name" AS "name", "city" AS "city", "property_payment_term_id" AS "property_payment_term_id" FROM "neondb"."bronze"."raw__res_partner" AS "raw__res_partner" WHERE "create_uid" = 2 (base.py:2629)
2026-07-09 11:57:06,158 - ThreadPoolExecutor-3_3 - sqlmesh.core.engine_adapter.base - INFO - Executing SQL: /* SQLMESH_PLAN: 982a541d54884833a8e93ed1426b712c */ CREATE TABLE IF NOT EXISTS "sqlmesh__silver"."silver__fact_sale_order_line__820156521" AS SELECT "sol"."id" AS "id", "sol"."product_id" AS "product_id", "sol"."state" AS "state", "so"."payment_term_id" AS "payment_term_id", "sol"."invoice_status" AS "invoice_status", "sol"."product_uom_qty" AS "product_uom_qty", ("sol"."qty_invoiced" + "sol"."qty_delivered" + "sol"."qty_to_invoice") AS "qty", "so"."name" AS "name", "sol"."price_unit" AS "price_unit", "sol"."price_total" AS "price_total", "sol"."price_subtotal" AS "price_subtotal", "sol"."create_date" AS "create_date" FROM "neondb"."bronze"."raw__sale_order_line" AS "sol" JOIN "neondb"."bronze"."raw__sale_order" AS "so" ON "sol"."order_id" = "so"."id" JOIN "neondb"."bronze"."raw__product_product" AS "pp" ON "sol"."product_id" = "pp"."id" JOIN "neondb"."bronze"."raw__product_template" AS "pt" ON "pp"."product_tmpl_id" = "pt"."id" WHERE "sol"."company_id" = 5 (base.py:2629)
2026-07-09 11:57:06,253 - ThreadPoolExecutor-3_3 - sqlmesh.core.engine_adapter.base - INFO - Executing SQL: /* SQLMESH_PLAN: 982a541d54884833a8e93ed1426b712c */ COMMENT ON TABLE "sqlmesh__silver"."silver__fact_sale_order_line__820156521" IS 'This is the model of the fact table `sale_order_line` which every registry represent a sale of
a particular product  e.g. 5 apples' (base.py:2629)
2026-07-09 11:57:06,322 - ThreadPoolExecutor-3_3 - sqlmesh.core.engine_adapter.base - INFO - Executing SQL: /* SQLMESH_PLAN: 982a541d54884833a8e93ed1426b712c */ COMMENT ON COLUMN "sqlmesh__silver"."silver__fact_sale_order_line__820156521"."create_date" IS ', to_char(sol.create_date,''YYMMDD'') AS date_id,' (base.py:2629)
2026-07-09 11:57:07,583 - ThreadPoolExecutor-3_0 - sqlmesh.core.state_sync.db.facade - INFO - Adding interval (2026-06-18 00:00:00, 2026-07-05 00:00:00) for snapshot SnapshotId<"neondb"."silver"."dim_customer": 2726786747> (facade.py:639)
2026-07-09 11:57:07,583 - ThreadPoolExecutor-3_0 - sqlmesh.core.state_sync.db.interval - INFO - Pushing intervals for snapshot SnapshotId<"neondb"."silver"."dim_customer": 2726786747> (interval.py:215)
2026-07-09 11:57:07,587 - ThreadPoolExecutor-3_1 - sqlmesh.core.state_sync.db.facade - INFO - Adding interval (2026-06-18 00:00:00, 2026-07-05 00:00:00) for snapshot SnapshotId<"neondb"."silver"."dim_paayment_term": 3927595028> (facade.py:639)
2026-07-09 11:57:07,587 - ThreadPoolExecutor-3_1 - sqlmesh.core.state_sync.db.interval - INFO - Pushing intervals for snapshot SnapshotId<"neondb"."silver"."dim_paayment_term": 3927595028> (interval.py:215)
2026-07-09 11:57:07,711 - ThreadPoolExecutor-3_3 - sqlmesh.core.state_sync.db.facade - INFO - Adding interval (2026-01-01 00:00:00, 2026-07-05 00:00:00) for snapshot SnapshotId<"neondb"."silver"."fact_sale_order_line": 3024126539> (facade.py:639)
2026-07-09 11:57:07,712 - ThreadPoolExecutor-3_3 - sqlmesh.core.state_sync.db.interval - INFO - Pushing intervals for snapshot SnapshotId<"neondb"."silver"."fact_sale_order_line": 3024126539> (interval.py:215)
2026-07-09 11:57:07,856 - MainThread - sqlmesh.core.scheduler - INFO - Execution failed for node EvaluateNode(snapshot_name='"neondb"."silver"."dim_product"', interval=(1781740800000, 1783209600000), batch_index=0) (scheduler.py:618)
Traceback (most recent call last):
  File "/home/arroio/Dev/WRK/clarovent/DE/.devenv/state/venv/lib/python3.13/site-packages/sqlmesh/core/model/definition.py", line 1953, in render
    df_or_iter = env[self.entrypoint](
        context=context.with_variables(variables, blueprint_variables=blueprint_variables),
        **kwargs,
    )
  File "<string>", line 10, in execute
  File "<string>", line 2, in parse_product_names
  File "<string>", line 2, in parse_name
  File "<string>", line 2, in clean_text
AttributeError: 'dict' object has no attribute 'upper'

During handling of the above exception, another exception occurred:

Traceback (most recent call last):
  File "/home/arroio/Dev/WRK/clarovent/DE/.devenv/state/venv/lib/python3.13/site-packages/sqlmesh/utils/concurrency.py", line 69, in _process_node
    self.fn(node)
    ~~~~~~~^^^^^^
  File "/home/arroio/Dev/WRK/clarovent/DE/.devenv/state/venv/lib/python3.13/site-packages/sqlmesh/core/scheduler.py", line 554, in run_node
    audit_results = self.evaluate(
        snapshot=snapshot,
    ...<9 lines>...
        selected_models=selected_models,
    )
  File "/home/arroio/Dev/WRK/clarovent/DE/.devenv/state/venv/lib/python3.13/site-packages/sqlmesh/core/scheduler.py", line 229, in evaluate
    wap_id = self.snapshot_evaluator.evaluate(
        snapshot,
    ...<9 lines>...
        **kwargs,
    )
  File "/home/arroio/Dev/WRK/clarovent/DE/.devenv/state/venv/lib/python3.13/site-packages/sqlmesh/core/snapshot/evaluator.py", line 186, in evaluate
    result = self._evaluate_snapshot(
        start=start,
    ...<9 lines>...
        **kwargs,
    )
  File "/home/arroio/Dev/WRK/clarovent/DE/.devenv/state/venv/lib/python3.13/site-packages/sqlmesh/core/snapshot/evaluator.py", line 840, in _evaluate_snapshot
    self._render_and_insert_snapshot(
    ~~~~~~~~~~~~~~~~~~~~~~~~~~~~~~~~^
        start=start,
        ^^^^^^^^^^^^
    ...<10 lines>...
        batch_index=batch_index,
        ^^^^^^^^^^^^^^^^^^^^^^^^
    )
    ^
  File "/home/arroio/Dev/WRK/clarovent/DE/.devenv/state/venv/lib/python3.13/site-packages/sqlmesh/core/snapshot/evaluator.py", line 1059, in _render_and_insert_snapshot
    for index, query_or_df in enumerate(queries_or_dfs):
                              ~~~~~~~~~^^^^^^^^^^^^^^^^
  File "/home/arroio/Dev/WRK/clarovent/DE/.devenv/state/venv/lib/python3.13/site-packages/sqlmesh/core/model/definition.py", line 1964, in render
    raise PythonModelEvalError(format_evaluated_code_exception(e, self.python_env))
sqlmesh.utils.errors.PythonModelEvalError:   File 'models/silver/product_template_model.py' (or imported file), line 10, in execute
    def execute(context: ExecutionContext, start: datetime, end: datetime,
        execution_time: datetime, **kwargs: t.Any):
        sql_query = """
            SELECT pt.id AS pt_id, pt.name, pt.list_price, pp.id AS pp_id, pt.create_date, to_char(pt.create_date, 'YYMMDD')
            FROM bronze.raw__product_template pt
            JOIN bronze.raw__product_product pp ON pt.id = pp.product_tmpl_id
            WHERE pt.create_uid = 2;
        """
        df = context.fetchdf(sql_query)
        parsed_names_df = parse_product_names(df['name'])
  File 'models/silver/product_template_model.py' (or imported file), line 2, in parse_product_names
    def parse_product_names(names: pd.Series):
        parsed_name_info = [({'new_name': name} | parse_name(name)) for name in
  File 'models/silver/product_template_model.py' (or imported file), line 2, in parse_name
    def parse_name(txt: str):
        processed_text = clean_text(txt).replace('M', '')
  File 'models/silver/product_template_model.py' (or imported file), line 2, in clean_text
    def clean_text(txt: str):
        processed_text = txt.upper().split(':')[0]
      AttributeError: 'dict' object has no attribute 'upper'


The above exception was the direct cause of the following exception:

sqlmesh.utils.concurrency.NodeExecutionFailedError: Execution failed for node EvaluateNode(snapshot_name='"neondb"."silver"."dim_product"', interval=(1781740800000, 1783209600000), batch_index=0)
2026-07-09 11:57:07,861 - MainThread - sqlmesh.core.context - INFO - Plan application failed. (context.py:1816)
Traceback (most recent call last):
  File "/home/arroio/Dev/WRK/clarovent/DE/.devenv/state/venv/lib/python3.13/site-packages/sqlmesh/core/context.py", line 1808, in apply
    self._apply(plan, circuit_breaker)
    ~~~~~~~~~~~^^^^^^^^^^^^^^^^^^^^^^^
  File "/home/arroio/Dev/WRK/clarovent/DE/.devenv/state/venv/lib/python3.13/site-packages/sqlmesh/core/context.py", line 2602, in _apply
    self._scheduler.create_plan_evaluator(self).evaluate(
    ~~~~~~~~~~~~~~~~~~~~~~~~~~~~~~~~~~~~~~~~~~~~~~~~~~~~^
        plan.to_evaluatable(), circuit_breaker=circuit_breaker
        ^^^^^^^^^^^^^^^^^^^^^^^^^^^^^^^^^^^^^^^^^^^^^^^^^^^^^^
    )
    ^
  File "/home/arroio/Dev/WRK/clarovent/DE/.devenv/state/venv/lib/python3.13/site-packages/sqlmesh/core/plan/evaluator.py", line 105, in evaluate
    self._evaluate_stages(plan_stages, plan)
    ~~~~~~~~~~~~~~~~~~~~~^^^^^^^^^^^^^^^^^^^
  File "/home/arroio/Dev/WRK/clarovent/DE/.devenv/state/venv/lib/python3.13/site-packages/sqlmesh/core/plan/evaluator.py", line 125, in _evaluate_stages
    handler(stage, plan)
    ~~~~~~~^^^^^^^^^^^^^
  File "/home/arroio/Dev/WRK/clarovent/DE/.devenv/state/venv/lib/python3.13/site-packages/sqlmesh/core/plan/evaluator.py", line 264, in visit_backfill_stage
    raise PlanError("Plan application failed.")
sqlmesh.utils.errors.PlanError: Plan application failed.
2026-07-09 11:57:07,862 - MainThread - root - INFO - Shutting down the event dispatcher (dispatcher.py:159)
