2026-07-09 12:05:41,286 - MainThread - sqlmesh.core.plan.evaluator - INFO - Evaluating plan stage CreateSnapshotRecordsStage (evaluator.py:123)
2026-07-09 12:05:41,619 - MainThread - sqlmesh.core.plan.evaluator - INFO - Evaluating plan stage PhysicalLayerSchemaCreationStage (evaluator.py:123)
2026-07-09 12:05:41,620 - ThreadPoolExecutor-1_0 - sqlmesh.core.snapshot.evaluator - INFO - Creating schema 'neondb.sqlmesh__silver' (evaluator.py:1468)
2026-07-09 12:05:42,096 - ThreadPoolExecutor-1_0 - sqlmesh.core.engine_adapter.base - INFO - Executing SQL: /* SQLMESH_PLAN: 502c4ca826f1442c852fb18da7168332 */ CREATE SCHEMA IF NOT EXISTS "sqlmesh__silver" (base.py:2629)
2026-07-09 12:05:42,288 - MainThread - sqlmesh.core.plan.evaluator - INFO - Evaluating plan stage BackfillStage (evaluator.py:123)
2026-07-09 12:05:42,291 - ThreadPoolExecutor-2_0 - sqlmesh.core.snapshot.evaluator - INFO - Listing data objects in schema neondb.sqlmesh__silver (evaluator.py:1635)
2026-07-09 12:05:42,696 - ThreadPoolExecutor-2_0 - sqlmesh.core.engine_adapter.base - INFO - Executing SQL: /* SQLMESH_PLAN: 502c4ca826f1442c852fb18da7168332 */ SELECT current_catalog (base.py:2629)
2026-07-09 12:05:43,161 - ThreadPoolExecutor-3_0 - sqlmesh.core.snapshot.evaluator - INFO - Evaluating snapshot SnapshotId<"neondb"."silver"."dim_product": 1321830629> (evaluator.py:730)
2026-07-09 12:05:43,562 - ThreadPoolExecutor-3_0 - sqlmesh.core.snapshot.evaluator - INFO - Creating table 'neondb.sqlmesh__silver.silver__dim_product__2895168048' (evaluator.py:2095)
2026-07-09 12:05:43,562 - ThreadPoolExecutor-3_0 - sqlmesh.core.engine_adapter.base - INFO - Executing SQL: /* SQLMESH_PLAN: 502c4ca826f1442c852fb18da7168332 */ CREATE TABLE IF NOT EXISTS "sqlmesh__silver"."silver__dim_product__2895168048" ("pt_id" INT, "name" TEXT, "list_price" DOUBLE PRECISION, "pp_id" INT, "create_date" TIMESTAMP, "new_name" TEXT, "thickness" DOUBLE PRECISION, "length" DOUBLE PRECISION, "width" DOUBLE PRECISION, "is_edged" BOOLEAN, "is_sandblasted" BOOLEAN, "is_drilled" BOOLEAN, "is_bezeled" BOOLEAN) (base.py:2629)
2026-07-09 12:05:43,689 - ThreadPoolExecutor-3_0 - sqlmesh.core.snapshot.evaluator - INFO - Inserting data for snapshot SnapshotId<"neondb"."silver"."dim_product": 1321830629> (evaluator.py:971)
2026-07-09 12:05:43,970 - ThreadPoolExecutor-3_0 - sqlmesh.core.snapshot.evaluator - INFO - Inserting batch (2026-06-18 00:00:00, 2026-07-05 00:00:00) into neondb.sqlmesh__silver.silver__dim_product__2895168048' (evaluator.py:1003)
2026-07-09 12:05:43,970 - ThreadPoolExecutor-3_0 - sqlmesh.core.engine_adapter.base - INFO - Executing SQL: /* SQLMESH_PLAN: 502c4ca826f1442c852fb18da7168332 */ SELECT current_catalog (base.py:2629)
2026-07-09 12:05:44,133 - ThreadPoolExecutor-3_0 - sqlmesh.core.engine_adapter.base - INFO - Executing SQL: /* SQLMESH_PLAN: 502c4ca826f1442c852fb18da7168332 */ DELETE FROM "sqlmesh__silver"."silver__dim_product__2895168048" WHERE TRUE (base.py:2629)
2026-07-09 12:05:44,242 - ThreadPoolExecutor-3_0 - sqlmesh.core.engine_adapter.base - INFO - Executing SQL: INSERT INTO "sqlmesh__silver"."silver__dim_product__2895168048" ("pt_id", "name", "list_price", "pp_id", "create_date", "new_name", "thickness", "length", "width", "is_edged", "is_sandblasted", "is_drilled", "is_bezeled") SELECT CAST("pt_id" AS INT) AS "pt_id", CAST("name" AS TEXT) AS "name", CAST("list_price" AS DOUBLE PRECISION) AS "list_price", CAST("pp_id" AS INT) AS "pp_id", CAST("create_date" AS TIMESTAMP) AS "create_date", CAST("new_name" AS TEXT) AS "new_name", CAST("thickness" AS DOUBLE PRECISION) AS "thickness", CAST("length" AS DOUBLE PRECISION) AS "length", CAST("width" AS DOUBLE PRECISION) AS "width", CAST("is_edged" AS BOOLEAN) AS "is_edged", CAST("is_sandblasted" AS BOOLEAN) AS "is_sandblasted", CAST("is_drilled" AS BOOLEAN) AS "is_drilled", CAST("is_bezeled" AS BOOLEAN) AS "is_bezeled" FROM (VALUES "<REDACTED VALUES>") AS "t"("pt_id", "name", "list_price", "pp_id", "create_date", "new_name", "thickness", "length", "width", "is_edged", "is_sandblasted", "is_drilled", "is_bezeled") (base.py:2629)
2026-07-09 12:05:44,465 - ThreadPoolExecutor-3_0 - sqlmesh.core.engine_adapter.base - INFO - Executing SQL: INSERT INTO "sqlmesh__silver"."silver__dim_product__2895168048" ("pt_id", "name", "list_price", "pp_id", "create_date", "new_name", "thickness", "length", "width", "is_edged", "is_sandblasted", "is_drilled", "is_bezeled") SELECT CAST("pt_id" AS INT) AS "pt_id", CAST("name" AS TEXT) AS "name", CAST("list_price" AS DOUBLE PRECISION) AS "list_price", CAST("pp_id" AS INT) AS "pp_id", CAST("create_date" AS TIMESTAMP) AS "create_date", CAST("new_name" AS TEXT) AS "new_name", CAST("thickness" AS DOUBLE PRECISION) AS "thickness", CAST("length" AS DOUBLE PRECISION) AS "length", CAST("width" AS DOUBLE PRECISION) AS "width", CAST("is_edged" AS BOOLEAN) AS "is_edged", CAST("is_sandblasted" AS BOOLEAN) AS "is_sandblasted", CAST("is_drilled" AS BOOLEAN) AS "is_drilled", CAST("is_bezeled" AS BOOLEAN) AS "is_bezeled" FROM (VALUES "<REDACTED VALUES>") AS "t"("pt_id", "name", "list_price", "pp_id", "create_date", "new_name", "thickness", "length", "width", "is_edged", "is_sandblasted", "is_drilled", "is_bezeled") (base.py:2629)
2026-07-09 12:05:45,211 - ThreadPoolExecutor-3_0 - sqlmesh.core.state_sync.db.facade - INFO - Adding interval (2026-06-18 00:00:00, 2026-07-05 00:00:00) for snapshot SnapshotId<"neondb"."silver"."dim_product": 1321830629> (facade.py:639)
2026-07-09 12:05:45,211 - ThreadPoolExecutor-3_0 - sqlmesh.core.state_sync.db.interval - INFO - Pushing intervals for snapshot SnapshotId<"neondb"."silver"."dim_product": 1321830629> (interval.py:215)
2026-07-09 12:05:45,348 - MainThread - sqlmesh.core.plan.evaluator - INFO - Evaluating plan stage EnvironmentRecordUpdateStage (evaluator.py:123)
2026-07-09 12:05:45,475 - MainThread - sqlmesh.core.state_sync.db.facade - INFO - Promoting environment 'dev' (facade.py:167)
2026-07-09 12:05:45,870 - MainThread - sqlmesh.core.plan.evaluator - INFO - Evaluating plan stage VirtualLayerUpdateStage (evaluator.py:123)
2026-07-09 12:05:45,873 - ThreadPoolExecutor-4_0 - sqlmesh.core.snapshot.evaluator - INFO - Creating schema 'neondb.silver__dev' (evaluator.py:1468)
2026-07-09 12:05:46,309 - ThreadPoolExecutor-4_0 - sqlmesh.core.engine_adapter.base - INFO - Executing SQL: /* SQLMESH_PLAN: 502c4ca826f1442c852fb18da7168332 */ CREATE SCHEMA IF NOT EXISTS "silver__dev" (base.py:2629)
2026-07-09 12:05:46,497 - ThreadPoolExecutor-5_0 - sqlmesh.core.snapshot.evaluator - INFO - Listing data objects in schema neondb.silver__dev (evaluator.py:1635)
2026-07-09 12:05:46,906 - ThreadPoolExecutor-5_0 - sqlmesh.core.engine_adapter.base - INFO - Executing SQL: /* SQLMESH_PLAN: 502c4ca826f1442c852fb18da7168332 */ SELECT current_catalog (base.py:2629)
2026-07-09 12:05:47,699 - ThreadPoolExecutor-6_0 - sqlmesh.core.snapshot.evaluator - INFO - Updating view 'neondb.silver__dev.fact_sale_order_line' to point at table 'neondb.sqlmesh__silver.silver__fact_sale_order_line__820156521' (evaluator.py:2007)
2026-07-09 12:05:47,701 - ThreadPoolExecutor-6_0 - sqlmesh.core.engine_adapter.base - INFO - Executing SQL: /* SQLMESH_PLAN: 502c4ca826f1442c852fb18da7168332 */ DROP VIEW IF EXISTS "silver__dev"."fact_sale_order_line" CASCADE (base.py:2629)
2026-07-09 12:05:48,111 - ThreadPoolExecutor-6_1 - sqlmesh.core.snapshot.evaluator - INFO - Updating view 'neondb.silver__dev.dim_customer' to point at table 'neondb.sqlmesh__silver.silver__dim_customer__4126441719' (evaluator.py:2007)
2026-07-09 12:05:48,112 - ThreadPoolExecutor-6_1 - sqlmesh.core.engine_adapter.base - INFO - Executing SQL: /* SQLMESH_PLAN: 502c4ca826f1442c852fb18da7168332 */ DROP VIEW IF EXISTS "silver__dev"."dim_customer" CASCADE (base.py:2629)
2026-07-09 12:05:48,509 - ThreadPoolExecutor-6_2 - sqlmesh.core.snapshot.evaluator - INFO - Updating view 'neondb.silver__dev.dim_product' to point at table 'neondb.sqlmesh__silver.silver__dim_product__2895168048' (evaluator.py:2007)
2026-07-09 12:05:48,510 - ThreadPoolExecutor-6_2 - sqlmesh.core.engine_adapter.base - INFO - Executing SQL: /* SQLMESH_PLAN: 502c4ca826f1442c852fb18da7168332 */ DROP VIEW IF EXISTS "silver__dev"."dim_product" CASCADE (base.py:2629)
2026-07-09 12:05:48,910 - ThreadPoolExecutor-6_3 - sqlmesh.core.snapshot.evaluator - INFO - Updating view 'neondb.silver__dev.dim_paayment_term' to point at table 'neondb.sqlmesh__silver.silver__dim_paayment_term__1488211824' (evaluator.py:2007)
2026-07-09 12:05:48,911 - ThreadPoolExecutor-6_3 - sqlmesh.core.engine_adapter.base - INFO - Executing SQL: /* SQLMESH_PLAN: 502c4ca826f1442c852fb18da7168332 */ DROP VIEW IF EXISTS "silver__dev"."dim_paayment_term" CASCADE (base.py:2629)
2026-07-09 12:05:49,039 - ThreadPoolExecutor-6_2 - sqlmesh.core.engine_adapter.base - INFO - Executing SQL: /* SQLMESH_PLAN: 502c4ca826f1442c852fb18da7168332 */ CREATE VIEW "silver__dev"."dim_product" AS SELECT * FROM "neondb"."sqlmesh__silver"."silver__dim_product__2895168048" (base.py:2629)
2026-07-09 12:05:49,040 - ThreadPoolExecutor-6_1 - sqlmesh.core.engine_adapter.base - INFO - Executing SQL: /* SQLMESH_PLAN: 502c4ca826f1442c852fb18da7168332 */ CREATE VIEW "silver__dev"."dim_customer" AS SELECT * FROM "neondb"."sqlmesh__silver"."silver__dim_customer__4126441719" (base.py:2629)
2026-07-09 12:05:49,041 - ThreadPoolExecutor-6_0 - sqlmesh.core.engine_adapter.base - INFO - Executing SQL: /* SQLMESH_PLAN: 502c4ca826f1442c852fb18da7168332 */ CREATE VIEW "silver__dev"."fact_sale_order_line" AS SELECT * FROM "neondb"."sqlmesh__silver"."silver__fact_sale_order_line__820156521" (base.py:2629)
2026-07-09 12:05:49,041 - ThreadPoolExecutor-6_3 - sqlmesh.core.engine_adapter.base - INFO - Executing SQL: /* SQLMESH_PLAN: 502c4ca826f1442c852fb18da7168332 */ CREATE VIEW "silver__dev"."dim_paayment_term" AS SELECT * FROM "neondb"."sqlmesh__silver"."silver__dim_paayment_term__1488211824" (base.py:2629)
2026-07-09 12:05:49,192 - MainThread - sqlmesh.core.plan.evaluator - INFO - Evaluating plan stage FinalizeEnvironmentStage (evaluator.py:123)
2026-07-09 12:05:49,325 - MainThread - sqlmesh.core.state_sync.db.environment - INFO - Finalizing environment 'dev' (environment.py:141)
2026-07-09 12:05:49,517 - MainThread - root - INFO - Shutting down the event dispatcher (dispatcher.py:159)
