2026-07-09 12:02:38,220 - MainThread - sqlmesh.core.plan.evaluator - INFO - Evaluating plan stage CreateSnapshotRecordsStage (evaluator.py:123)
2026-07-09 12:02:38,560 - MainThread - sqlmesh.core.plan.evaluator - INFO - Evaluating plan stage PhysicalLayerSchemaCreationStage (evaluator.py:123)
2026-07-09 12:02:38,562 - ThreadPoolExecutor-1_0 - sqlmesh.core.snapshot.evaluator - INFO - Creating schema 'neondb.sqlmesh__silver' (evaluator.py:1468)
2026-07-09 12:02:39,020 - ThreadPoolExecutor-1_0 - sqlmesh.core.engine_adapter.base - INFO - Executing SQL: /* SQLMESH_PLAN: cab8ba2343ba465ab4fa1139a16389f6 */ CREATE SCHEMA IF NOT EXISTS "sqlmesh__silver" (base.py:2629)
2026-07-09 12:02:39,209 - MainThread - sqlmesh.core.plan.evaluator - INFO - Evaluating plan stage BackfillStage (evaluator.py:123)
2026-07-09 12:02:39,212 - ThreadPoolExecutor-2_0 - sqlmesh.core.snapshot.evaluator - INFO - Listing data objects in schema neondb.sqlmesh__silver (evaluator.py:1635)
2026-07-09 12:02:39,637 - ThreadPoolExecutor-2_0 - sqlmesh.core.engine_adapter.base - INFO - Executing SQL: /* SQLMESH_PLAN: cab8ba2343ba465ab4fa1139a16389f6 */ SELECT current_catalog (base.py:2629)
2026-07-09 12:02:40,076 - ThreadPoolExecutor-3_0 - sqlmesh.core.snapshot.evaluator - INFO - Evaluating snapshot SnapshotId<"neondb"."silver"."dim_product": 2205217832> (evaluator.py:730)
2026-07-09 12:02:40,556 - ThreadPoolExecutor-3_0 - sqlmesh.core.snapshot.evaluator - INFO - Creating table 'neondb.sqlmesh__silver.silver__dim_product__2039210946' (evaluator.py:2095)
2026-07-09 12:02:40,557 - ThreadPoolExecutor-3_0 - sqlmesh.core.engine_adapter.base - INFO - Executing SQL: /* SQLMESH_PLAN: cab8ba2343ba465ab4fa1139a16389f6 */ CREATE TABLE IF NOT EXISTS "sqlmesh__silver"."silver__dim_product__2039210946" ("pt_id" INT, "name" TEXT, "list_price" DOUBLE PRECISION, "pp_id" INT, "create_date" INT, "new_name" TEXT, "thickness" DOUBLE PRECISION, "length" DOUBLE PRECISION, "width" DOUBLE PRECISION, "is_edged" BOOLEAN, "is_sandblasted" BOOLEAN, "is_drilled" BOOLEAN, "is_bezeled" BOOLEAN) (base.py:2629)
2026-07-09 12:02:40,686 - ThreadPoolExecutor-3_0 - sqlmesh.core.snapshot.evaluator - INFO - Inserting data for snapshot SnapshotId<"neondb"."silver"."dim_product": 2205217832> (evaluator.py:971)
2026-07-09 12:02:40,951 - ThreadPoolExecutor-3_0 - sqlmesh.core.snapshot.evaluator - INFO - Inserting batch (2026-06-18 00:00:00, 2026-07-05 00:00:00) into neondb.sqlmesh__silver.silver__dim_product__2039210946' (evaluator.py:1003)
2026-07-09 12:02:40,952 - ThreadPoolExecutor-3_0 - sqlmesh.core.engine_adapter.base - INFO - Executing SQL: /* SQLMESH_PLAN: cab8ba2343ba465ab4fa1139a16389f6 */ SELECT current_catalog (base.py:2629)
2026-07-09 12:02:41,146 - ThreadPoolExecutor-3_0 - sqlmesh.core.engine_adapter.base - INFO - Executing SQL: /* SQLMESH_PLAN: cab8ba2343ba465ab4fa1139a16389f6 */ DELETE FROM "sqlmesh__silver"."silver__dim_product__2039210946" WHERE TRUE (base.py:2629)
2026-07-09 12:02:41,265 - ThreadPoolExecutor-3_0 - sqlmesh.core.engine_adapter.base - INFO - Executing SQL: INSERT INTO "sqlmesh__silver"."silver__dim_product__2039210946" ("pt_id", "name", "list_price", "pp_id", "create_date", "new_name", "thickness", "length", "width", "is_edged", "is_sandblasted", "is_drilled", "is_bezeled") SELECT CAST("pt_id" AS INT) AS "pt_id", CAST("name" AS TEXT) AS "name", CAST("list_price" AS DOUBLE PRECISION) AS "list_price", CAST("pp_id" AS INT) AS "pp_id", CAST("create_date" AS INT) AS "create_date", CAST("new_name" AS TEXT) AS "new_name", CAST("thickness" AS DOUBLE PRECISION) AS "thickness", CAST("length" AS DOUBLE PRECISION) AS "length", CAST("width" AS DOUBLE PRECISION) AS "width", CAST("is_edged" AS BOOLEAN) AS "is_edged", CAST("is_sandblasted" AS BOOLEAN) AS "is_sandblasted", CAST("is_drilled" AS BOOLEAN) AS "is_drilled", CAST("is_bezeled" AS BOOLEAN) AS "is_bezeled" FROM (VALUES "<REDACTED VALUES>") AS "t"("pt_id", "name", "list_price", "pp_id", "create_date", "new_name", "thickness", "length", "width", "is_edged", "is_sandblasted", "is_drilled", "is_bezeled") (base.py:2629)
2026-07-09 12:02:41,542 - MainThread - sqlmesh.core.scheduler - INFO - Execution failed for node EvaluateNode(snapshot_name='"neondb"."silver"."dim_product"', interval=(1781740800000, 1783209600000), batch_index=0) (scheduler.py:618)
Traceback (most recent call last):
  File "/home/arroio/Dev/WRK/clarovent/DE/.devenv/state/venv/lib/python3.13/site-packages/sqlmesh/utils/concurrency.py", line 69, in _process_node
    self.fn(node)
    ~~~~~~~^^^^^^
  File "/home/arroio/Dev/WRK/clarovent/DE/.devenv/state/venv/lib/python3.13/site-packages/sqlmesh/core/scheduler.py", line 554, in run_node
    audit_results = self.evaluate(
        snapshot=snapshot,
    ...<9 lines>...
        selected_models=selected_models,
    )
  File "/home/arroio/Dev/WRK/clarovent/DE/.devenv/state/venv/lib/python3.13/site-packages/sqlmesh/core/scheduler.py", line 229, in evaluate
    wap_id = self.snapshot_evaluator.evaluate(
        snapshot,
    ...<9 lines>...
        **kwargs,
    )
  File "/home/arroio/Dev/WRK/clarovent/DE/.devenv/state/venv/lib/python3.13/site-packages/sqlmesh/core/snapshot/evaluator.py", line 186, in evaluate
    result = self._evaluate_snapshot(
        start=start,
    ...<9 lines>...
        **kwargs,
    )
  File "/home/arroio/Dev/WRK/clarovent/DE/.devenv/state/venv/lib/python3.13/site-packages/sqlmesh/core/snapshot/evaluator.py", line 840, in _evaluate_snapshot
    self._render_and_insert_snapshot(
    ~~~~~~~~~~~~~~~~~~~~~~~~~~~~~~~~^
        start=start,
        ^^^^^^^^^^^^
    ...<10 lines>...
        batch_index=batch_index,
        ^^^^^^^^^^^^^^^^^^^^^^^^
    )
    ^
  File "/home/arroio/Dev/WRK/clarovent/DE/.devenv/state/venv/lib/python3.13/site-packages/sqlmesh/core/snapshot/evaluator.py", line 1060, in _render_and_insert_snapshot
    apply(query_or_df, index)
    ~~~~~^^^^^^^^^^^^^^^^^^^^
  File "/home/arroio/Dev/WRK/clarovent/DE/.devenv/state/venv/lib/python3.13/site-packages/sqlmesh/core/snapshot/evaluator.py", line 1009, in apply
    evaluation_strategy.insert(
    ~~~~~~~~~~~~~~~~~~~~~~~~~~^
        table_name=target_table_name,
        ^^^^^^^^^^^^^^^^^^^^^^^^^^^^^
    ...<12 lines>...
        is_snapshot_deployable=is_snapshot_deployable,
        ^^^^^^^^^^^^^^^^^^^^^^^^^^^^^^^^^^^^^^^^^^^^^^
    )
    ^
  File "/home/arroio/Dev/WRK/clarovent/DE/.devenv/state/venv/lib/python3.13/site-packages/sqlmesh/core/snapshot/evaluator.py", line 2480, in insert
    self._replace_query_for_model(model, table_name, query_or_df, render_kwargs, **kwargs)
    ~~~~~~~~~~~~~~~~~~~~~~~~~~~~~^^^^^^^^^^^^^^^^^^^^^^^^^^^^^^^^^^^^^^^^^^^^^^^^^^^^^^^^^
  File "/home/arroio/Dev/WRK/clarovent/DE/.devenv/state/venv/lib/python3.13/site-packages/sqlmesh/core/snapshot/evaluator.py", line 2211, in _replace_query_for_model
    self.adapter.replace_query(
    ~~~~~~~~~~~~~~~~~~~~~~~~~~^
        name,
        ^^^^^
    ...<10 lines>...
        source_columns=source_columns,
        ^^^^^^^^^^^^^^^^^^^^^^^^^^^^^^
    )
    ^
  File "/home/arroio/Dev/WRK/clarovent/DE/.devenv/state/venv/lib/python3.13/site-packages/sqlmesh/core/engine_adapter/shared.py", line 350, in internal_wrapper
    return func(*list_args, **kwargs)
  File "/home/arroio/Dev/WRK/clarovent/DE/.devenv/state/venv/lib/python3.13/site-packages/sqlmesh/core/engine_adapter/base.py", line 561, in replace_query
    return self._insert_overwrite_by_condition(
           ~~~~~~~~~~~~~~~~~~~~~~~~~~~~~~~~~~~^
        target_table,
        ^^^^^^^^^^^^^
    ...<2 lines>...
        **kwargs,
        ^^^^^^^^^
    )
    ^
  File "/home/arroio/Dev/WRK/clarovent/DE/.devenv/state/venv/lib/python3.13/site-packages/sqlmesh/core/engine_adapter/base.py", line 1675, in _insert_overwrite_by_condition
    self._insert_append_query(
    ~~~~~~~~~~~~~~~~~~~~~~~~~^
        table_name,
        ^^^^^^^^^^^
    ...<2 lines>...
        order_projections=False,
        ^^^^^^^^^^^^^^^^^^^^^^^^
    )
    ^
  File "/home/arroio/Dev/WRK/clarovent/DE/.devenv/state/venv/lib/python3.13/site-packages/sqlmesh/core/engine_adapter/base.py", line 1551, in _insert_append_query
    self.execute(
    ~~~~~~~~~~~~^
        exp.insert(query, table_name, columns=list(target_columns_to_types)),
        ^^^^^^^^^^^^^^^^^^^^^^^^^^^^^^^^^^^^^^^^^^^^^^^^^^^^^^^^^^^^^^^^^^^^^
        track_rows_processed=track_rows_processed,
        ^^^^^^^^^^^^^^^^^^^^^^^^^^^^^^^^^^^^^^^^^^
    )
    ^
  File "/home/arroio/Dev/WRK/clarovent/DE/.devenv/state/venv/lib/python3.13/site-packages/sqlmesh/core/engine_adapter/base.py", line 2606, in execute
    self._execute(sql, track_rows_processed, **kwargs)
    ~~~~~~~~~~~~~^^^^^^^^^^^^^^^^^^^^^^^^^^^^^^^^^^^^^
  File "/home/arroio/Dev/WRK/clarovent/DE/.devenv/state/venv/lib/python3.13/site-packages/sqlmesh/core/engine_adapter/base.py", line 2638, in _execute
    self.cursor.execute(sql, **kwargs)
    ~~~~~~~~~~~~~~~~~~~^^^^^^^^^^^^^^^
psycopg2.errors.CannotCoerce: cannot cast type timestamp without time zone to integer
LINE 1: ...AS "list_price", CAST("pp_id" AS INT) AS "pp_id", CAST("crea...
                                                             ^


The above exception was the direct cause of the following exception:

sqlmesh.utils.concurrency.NodeExecutionFailedError: Execution failed for node EvaluateNode(snapshot_name='"neondb"."silver"."dim_product"', interval=(1781740800000, 1783209600000), batch_index=0)
2026-07-09 12:02:41,547 - MainThread - sqlmesh.core.context - INFO - Plan application failed. (context.py:1816)
Traceback (most recent call last):
  File "/home/arroio/Dev/WRK/clarovent/DE/.devenv/state/venv/lib/python3.13/site-packages/sqlmesh/core/context.py", line 1808, in apply
    self._apply(plan, circuit_breaker)
    ~~~~~~~~~~~^^^^^^^^^^^^^^^^^^^^^^^
  File "/home/arroio/Dev/WRK/clarovent/DE/.devenv/state/venv/lib/python3.13/site-packages/sqlmesh/core/context.py", line 2602, in _apply
    self._scheduler.create_plan_evaluator(self).evaluate(
    ~~~~~~~~~~~~~~~~~~~~~~~~~~~~~~~~~~~~~~~~~~~~~~~~~~~~^
        plan.to_evaluatable(), circuit_breaker=circuit_breaker
        ^^^^^^^^^^^^^^^^^^^^^^^^^^^^^^^^^^^^^^^^^^^^^^^^^^^^^^
    )
    ^
  File "/home/arroio/Dev/WRK/clarovent/DE/.devenv/state/venv/lib/python3.13/site-packages/sqlmesh/core/plan/evaluator.py", line 105, in evaluate
    self._evaluate_stages(plan_stages, plan)
    ~~~~~~~~~~~~~~~~~~~~~^^^^^^^^^^^^^^^^^^^
  File "/home/arroio/Dev/WRK/clarovent/DE/.devenv/state/venv/lib/python3.13/site-packages/sqlmesh/core/plan/evaluator.py", line 125, in _evaluate_stages
    handler(stage, plan)
    ~~~~~~~^^^^^^^^^^^^^
  File "/home/arroio/Dev/WRK/clarovent/DE/.devenv/state/venv/lib/python3.13/site-packages/sqlmesh/core/plan/evaluator.py", line 264, in visit_backfill_stage
    raise PlanError("Plan application failed.")
sqlmesh.utils.errors.PlanError: Plan application failed.
2026-07-09 12:02:41,548 - MainThread - root - INFO - Shutting down the event dispatcher (dispatcher.py:159)
